Build started 8/26/2014 5:27:59 PM.
     1>Project "C:\Users\Ioan\Documents\Visual Studio 2013\Projects\Conway\Conway\Conway.vcxproj" on node 2 (Build target(s)).
     1>ClCompile:
         C:\Program Files (x86)\Microsoft Visual Studio 12.0\VC\bin\CL.exe /c /ZI /nologo /W3 /WX- /sdl /Od /Oy- /D _MBCS /Gm /EHsc /RTC1 /MDd /GS /fp:precise /Zc:wchar_t /Zc:forScope /Fo"Debug\\" /Fd"Debug\vc120.pdb" /Gd /TP /analyze- /errorReport:prompt Game.cpp
         Game.cpp
     1>c:\users\ioan\documents\visual studio 2013\projects\conway\conway\game.cpp(11): warning C4091: '' : ignored on left of 'void' when no variable is declared
       Link:
         C:\Program Files (x86)\Microsoft Visual Studio 12.0\VC\bin\link.exe /ERRORREPORT:PROMPT /OUT:"C:\Users\Ioan\Documents\Visual Studio 2013\Projects\Conway\Debug\Conway.exe" /INCREMENTAL /NOLOGO SDL2.lib SDL2main.lib SDL2_image.lib kernel32.lib user32.lib gdi32.lib winspool.lib comdlg32.lib advapi32.lib shell32.lib ole32.lib oleaut32.lib uuid.lib odbc32.lib odbccp32.lib /MANIFEST /MANIFESTUAC:"level='asInvoker' uiAccess='false'" /manifest:embed /DEBUG /PDB:"C:\Users\Ioan\Documents\Visual Studio 2013\Projects\Conway\Debug\Conway.pdb" /SUBSYSTEM:CONSOLE /TLBID:1 /DYNAMICBASE /NXCOMPAT /IMPLIB:"C:\Users\Ioan\Documents\Visual Studio 2013\Projects\Conway\Debug\Conway.lib" /MACHINE:X86 Debug\Game.obj
         Debug\GameObject.obj
         Debug\Image.obj
         Debug\main.obj
         Debug\TextureManager.obj
     1>MSVCRTD.lib(cinitexe.obj) : warning LNK4098: defaultlib 'msvcrt.lib' conflicts with use of other libs; use /NODEFAULTLIB:library
     1>Game.obj : error LNK2019: unresolved external symbol "public: __thiscall TextureManager::~TextureManager(void)" (??1TextureManager@@QAE@XZ) referenced in function __unwindfunclet$??0Game@@QAE@XZ$0
     1>C:\Users\Ioan\Documents\Visual Studio 2013\Projects\Conway\Debug\Conway.exe : fatal error LNK1120: 1 unresolved externals
     1>Done Building Project "C:\Users\Ioan\Documents\Visual Studio 2013\Projects\Conway\Conway\Conway.vcxproj" (Build target(s)) -- FAILED.

Build FAILED.

Time Elapsed 00:00:00.76
